Case #1:
c..
...
Case #2:
c.*
..*
..*
..*
***
Case #3:
c....
.....
...**
*****
Case #4:
c****
*****
*****
*****
*****
Case #5:
c
.
*
Case #6:
c
.
.
.
Case #7:
c..
...
...
...
***
Case #8:
c****
*****
*****
Case #9:
c.
..
**
**
**
Case #10:
c.
..
..
..
..
Case #11:
c**
***
***
Case #12:
Impossible
Case #13:
c....
.....
....*
*****
Case #14:
c.***
..***
*****
Case #15:
c
.
.
*
*
Case #16:
c...*
Case #17:
c....
.....
....*
...**
Case #18:
c.
..
**
**
Case #19:
c.***
..***
Case #20:
c..*
...*
..**
..**
Case #21:
c.*
Case #22:
c.**
..**
****
****
Case #23:
Impossible
Case #24:
Impossible
Case #25:
c..*
...*
...*
...*
****
Case #26:
c.**
..**
..**
****
Case #27:
c....
.....
.....
....*
....*
Case #28:
c...
....
....
Case #29:
c****
*****
Case #30:
Impossible
Case #31:
c****
*****
*****
*****
Case #32:
Impossible
Case #33:
c.**
..**
..**
..**
Case #34:
c..**
...**
...**
*****
*****
Case #35:
c..
...
...
***
***
Case #36:
c..
...
..*
..*
Case #37:
c..
Case #38:
Impossible
Case #39:
c.**
Case #40:
c.
..
..
**
**
Case #41:
c...*
....*
Case #42:
c**
***
Case #43:
c**
***
***
***
***
Case #44:
Impossible
Case #45:
Impossible
Case #46:
c..**
Case #47:
c....
.....
*****
*****
Case #48:
c..
...
...
..*
Case #49:
c.***
..***
*****
*****
*****
Case #50:
c...
....
..**
Case #51:
c*
**
**
**
Case #52:
Impossible
Case #53:
c....
.....
.....
.....
....*
Case #54:
c***
****
****
****
****
Case #55:
c.*
..*
..*
..*
..*
Case #56:
Impossible
Case #57:
c
.
.
*
Case #58:
c..**
...**
...**
..***
..***
Case #59:
c.**
..**
****
****
****
Case #60:
c***
Case #61:
c*
Case #62:
c...*
....*
*****
*****
Case #63:
c
*
*
*
*
Case #64:
c
.
*
*
Case #65:
Impossible
Case #66:
c
.
.
Case #67:
c...
....
...*
...*
Case #68:
c.**
..**
..**
****
****
Case #69:
Impossible
Case #70:
c..**
...**
*****
Case #71:
c...*
....*
....*
....*
*****
Case #72:
c...
....
....
....
...*
Case #73:
Impossible
Case #74:
c.***
..***
..***
..***
..***
Case #75:
c..*
...*
...*
..**
****
Case #76:
c.
..
**
Case #77:
c..
...
...
Case #78:
c..*
...*
...*
...*
..**
Case #79:
c.***
..***
*****
*****
Case #80:
c..*
...*
...*
..**
Case #81:
c..**
...**
...**
...**
...**
Case #82:
c..*
Case #83:
c***
****
****
Case #84:
c
.
Case #85:
c....
.....
*****
Case #86:
c..**
...**
...**
*****
Case #87:
Impossible
Case #88:
c..*
...*
****
Case #89:
c...
....
...*
..**
Case #90:
Impossible
Case #91:
c..
...
...
...
..*
Case #92:
c..*
...*
Case #93:
Impossible
Case #94:
c.***
..***
..***
..***
*****
Case #95:
c....
.....
.....
.....
Case #96:
c.*
..*
..*
***
Case #97:
c...*
....*
....*
....*
Case #98:
c...*
....*
....*
...**
..***
Case #99:
c***
****
Case #100:
c...*
....*
....*
....*
....*
Case #101:
c.*
..*
..*
Case #102:
c.**
..**
****
Case #103:
Impossible
Case #104:
Impossible
Case #105:
Impossible
Case #106:
Impossible
Case #107:
Impossible
Case #108:
c...
....
....
....
Case #109:
Impossible
Case #110:
c.
..
..
..
Case #111:
Impossible
Case #112:
c
*
*
Case #113:
Impossible
Case #114:
Impossible
Case #115:
c.
..
..
..
**
Case #116:
Impossible
Case #117:
Impossible
Case #118:
c..**
Case #119:
c
.
.
.
*
Case #120:
Impossible
Case #121:
c.**
Case #122:
Impossible
Case #123:
Impossible
Case #124:
c
.
.
.
*
Case #125:
c....
.....
.....
.....
.....
Case #126:
c..
...
...
...
Case #127:
c.
Case #128:
c..**
...**
...**
Case #129:
Impossible
Case #130:
c.
..
..
Case #131:
c..*
...*
...*
...*
...*
Case #132:
c...
....
....
...*
...*
Case #133:
c.***
..***
..***
*****
*****
Case #134:
c...*
....*
....*
....*
...**
Case #135:
c****
Case #136:
Impossible
Case #137:
Impossible
Case #138:
c.*
..*
***
Case #139:
c..
...
..*
Case #140:
c**
***
***
***
Case #141:
Impossible
Case #142:
c.
..
Case #143:
Impossible
Case #144:
Impossible
Case #145:
c
*
*
*
Case #146:
Impossible
Case #147:
c....
.....
.....
...**
Case #148:
c...
....
****
Case #149:
Impossible
Case #150:
c...*
....*
...**
*****
Case #151:
c....
.....
.....
....*
...**
Case #152:
c..*
...*
...*
****
Case #153:
c.*
..*
..*
***
***
Case #154:
Impossible
Case #155:
c.
..
..
**
Case #156:
c....
.....
.....
....*
Case #157:
Impossible
Case #158:
c...*
....*
....*
...**
...**
Case #159:
Impossible
Case #160:
Impossible
Case #161:
Impossible
Case #162:
Impossible
Case #163:
Impossible
Case #164:
c.*
..*
***
***
***
Case #165:
c*
**
Case #166:
Impossible
Case #167:
c...
....
....
....
****
Case #168:
c
*
Case #169:
c...*
....*
*****
Case #170:
c..
...
...
***
Case #171:
Impossible
Case #172:
Impossible
Case #173:
Impossible
Case #174:
c.**
..**
Case #175:
Impossible
Case #176:
c..*
...*
...*
..**
..**
Case #177:
c.*
..*
Case #178:
c...*
....*
....*
Case #179:
c***
****
****
****
Case #180:
Impossible
Case #181:
c..**
...**
...**
..***
*****
Case #182:
Impossible
Case #183:
c...
....
Case #184:
c....
.....
....*
Case #185:
c..
...
...
..*
..*
Case #186:
c
Case #187:
c....
.....
.....
...**
...**
Case #188:
c...*
....*
....*
*****
Case #189:
Impossible
Case #190:
Impossible
Case #191:
*
*
*
*
*
Case #192:
c...
....
...*
Case #193:
c...*
....*
...**
Case #194:
c..**
...**
...**
...**
..***
Case #195:
c..*
...*
...*
Case #196:
c...
....
....
...*
Case #197:
c...
....
....
....
....
Case #198:
Impossible
Case #199:
c.*
..*
..*
..*
Case #200:
Impossible
Case #201:
c..
...
...
...
...
Case #202:
Impossible
Case #203:
c....
.....
.....
Case #204:
c*
**
**
Case #205:
c*
**
**
**
**
Case #206:
c..*
...*
...*
****
****
Case #207:
c.***
Case #208:
c....
.....
Case #209:
Impossible
Case #210:
c..*
...*
...*
...*
Case #211:
c.**
..**
..**
..**
..**
Case #212:
c...
....
....
...*
..**
Case #213:
c..**
...**
Case #214:
c..**
...**
...**
...**
*****
Case #215:
c....
.....
.....
*****
Case #216:
Impossible
Case #217:
c..**
...**
*****
*****
Case #218:
c....
.....
...**
Case #219:
Impossible
Case #220:
Impossible
Case #221:
c**
Case #222:
Impossible
Case #223:
c.**
..**
..**
..**
****
Case #224:
c.*
..*
***
***
Case #225:
c..
...
...
..*
***
